<?xml version="1.0" encoding="UTF-8"?>
<testng-results skipped="0" failed="0" total="1" passed="1">
  <reporter-output>
  </reporter-output>
  <suite name="Surefire suite" duration-ms="5" started-at="2017-06-21T07:05:11Z" finished-at="2017-06-21T07:05:11Z">
    <groups>
    </groups>
    <test name="Surefire test" duration-ms="5" started-at="2017-06-21T07:05:11Z" finished-at="2017-06-21T07:05:11Z">
      <class name="Training.project.joinee.Joinee.AppTest">
        <test-method status="PASS" signature="testApp()[pri:0, instance:testApp(Training.project.joinee.Joinee.AppTest)]" name="testApp" duration-ms="1" started-at="2017-06-21T12:35:11Z" finished-at="2017-06-21T12:35:11Z">
          <reporter-output>
          </reporter-output>
        </test-method> <!-- testApp -->
      </class> <!-- Training.project.joinee.Joinee.AppTest -->
    </test> <!-- Surefire test -->
  </suite> <!-- Surefire suite -->
</testng-results>
