<?xml version="1.0" encoding="UTF-8"?>
<testng-results skipped="0" failed="0" total="1" passed="1">
  <reporter-output>
  </reporter-output>
  <suite name="Surefire suite" duration-ms="1262" started-at="2017-06-21T07:05:10Z" finished-at="2017-06-21T07:05:11Z">
    <groups>
    </groups>
    <test name="Surefire test" duration-ms="1262" started-at="2017-06-21T07:05:10Z" finished-at="2017-06-21T07:05:11Z">
      <class name="Training.project.joinee.Joinee.ConvertDollarToRupeeTest">
        <test-method status="PASS" signature="f()[pri:0, instance:Training.project.joinee.Joinee.ConvertDollarToRupeeTest@3b6eb2ec]" name="f" duration-ms="1250" started-at="2017-06-21T12:35:10Z" finished-at="2017-06-21T12:35:11Z">
          <reporter-output>
          </reporter-output>
        </test-method> <!-- f -->
      </class> <!-- Training.project.joinee.Joinee.ConvertDollarToRupeeTest -->
    </test> <!-- Surefire test -->
  </suite> <!-- Surefire suite -->
</testng-results>
